2025-10-06 20:51:54,872 [INFO] Activator:176 - 


2025-10-06 20:51:54,873 [INFO] Activator:177 - !SESSION log4j initialized
2025-10-06 20:51:56,192 [ERROR] LogOutputStream:75 - [STDERR_REDIRECT] 
2025-10-06 20:51:58,001 [INFO] LogOutputStream:77 - [STDOUT_REDIRECT] 
2025-10-06 20:51:59,552 [INFO] ApplicationProperties:184 - Using Application install path: /Applications/STM32CubeIDE.app/Contents/Eclipse/plugins/com.st.stm32cube.common.mx_6.15.0.202507011659
2025-10-06 20:51:59,564 [INFO] DbMcusXml:78 - Set database path to: /Applications/STM32CubeIDE.app/Contents/Eclipse/plugins/com.st.stm32cube.common.mx_6.15.0.202507011659//db//mcu/
2025-10-06 20:51:59,564 [INFO] ApiDb:274 - Set plugin database path to: /Applications/STM32CubeIDE.app/Contents/Eclipse/plugins/com.st.stm32cube.common.mx_6.15.0.202507011659//db//plugins/boardmanager/
2025-10-06 20:51:59,564 [WARN] ApiDb:259 - Overriding images path with different value:  => /Applications/STM32CubeIDE.app/Contents/Eclipse/plugins/com.st.stm32cube.common.mx_6.15.0.202507011659//db//plugins/mcufinder/images/
2025-10-06 20:51:59,572 [INFO] ApiDb:250 - Set database path to: /Users/luisrivera/.stmcufinder/plugins/mcufinder//mcu/
2025-10-06 20:51:59,573 [INFO] DbMcusAds:125 - Set database path to: /Users/luisrivera/.stmcufinder/plugins/mcufinder//mcu/
2025-10-06 20:51:59,574 [INFO] CrossReferenceDbSqlite:203 - Set database path to: /Users/luisrivera/.stmcufinder/plugins/mcufinder//mcu/cs/
2025-10-06 20:51:59,677 [INFO] RulesReader:64 - Compatibility file has been processed (317 Rules)
2025-10-06 20:51:59,721 [INFO] DbMcusXml:78 - Set database path to: /Applications/STM32CubeIDE.app/Contents/Eclipse/plugins/com.st.stm32cube.common.mx_6.15.0.202507011659//db//mcu/
2025-10-06 20:51:59,721 [INFO] ApiDb:274 - Set plugin database path to: /Applications/STM32CubeIDE.app/Contents/Eclipse/plugins/com.st.stm32cube.common.mx_6.15.0.202507011659//db//plugins/boardmanager/
2025-10-06 20:51:59,721 [INFO] ApiDb:261 - Set plugin images path to: /Applications/STM32CubeIDE.app/Contents/Eclipse/plugins/com.st.stm32cube.common.mx_6.15.0.202507011659//db//plugins/mcufinder/images/
2025-10-06 20:51:59,722 [WARN] DbFile:41 - Overriding database path with different value: /Users/luisrivera/.stmcufinder/plugins/mcufinder/ => /Users/luisrivera/.stmcufinder/plugins/mcufinder
2025-10-06 20:51:59,722 [INFO] ApiDb:250 - Set database path to: /Users/luisrivera/.stmcufinder/plugins/mcufinder//mcu/
2025-10-06 20:51:59,722 [WARN] DbFile:41 - Overriding database path with different value: /Users/luisrivera/.stmcufinder/plugins/mcufinder/ => /Users/luisrivera/.stmcufinder/plugins/mcufinder
2025-10-06 20:51:59,722 [INFO] DbMcusAds:125 - Set database path to: /Users/luisrivera/.stmcufinder/plugins/mcufinder//mcu/
2025-10-06 20:51:59,722 [WARN] DbFile:41 - Overriding database path with different value: /Users/luisrivera/.stmcufinder/plugins/mcufinder/ => /Users/luisrivera/.stmcufinder/plugins/mcufinder
2025-10-06 20:51:59,722 [WARN] DbFile:41 - Overriding database path with different value: /Users/luisrivera/.stmcufinder/plugins/mcufinder/ => /Users/luisrivera/.stmcufinder/plugins/mcufinder
2025-10-06 20:51:59,722 [INFO] CrossReferenceDbSqlite:203 - Set database path to: /Users/luisrivera/.stmcufinder/plugins/mcufinder//mcu/cs/
2025-10-06 20:51:59,777 [INFO] MainPanel:274 - HeapMemory: 405798912
2025-10-06 20:52:00,324 [INFO] DbMcusXml:78 - Set database path to: /Applications/STM32CubeIDE.app/Contents/Eclipse/plugins/com.st.stm32cube.common.mx_6.15.0.202507011659//db//mcu/
2025-10-06 20:52:00,324 [INFO] ApiDb:274 - Set plugin database path to: /Applications/STM32CubeIDE.app/Contents/Eclipse/plugins/com.st.stm32cube.common.mx_6.15.0.202507011659//db//plugins/boardmanager/
2025-10-06 20:52:00,324 [INFO] ApiDb:261 - Set plugin images path to: /Applications/STM32CubeIDE.app/Contents/Eclipse/plugins/com.st.stm32cube.common.mx_6.15.0.202507011659//db//plugins/mcufinder/images/
2025-10-06 20:52:00,326 [WARN] DbFile:41 - Overriding database path with different value: /Users/luisrivera/.stmcufinder/plugins/mcufinder/ => /Users/luisrivera/.stmcufinder/plugins/mcufinder
2025-10-06 20:52:00,326 [INFO] ApiDb:250 - Set database path to: /Users/luisrivera/.stmcufinder/plugins/mcufinder//mcu/
2025-10-06 20:52:00,326 [WARN] DbFile:41 - Overriding database path with different value: /Users/luisrivera/.stmcufinder/plugins/mcufinder/ => /Users/luisrivera/.stmcufinder/plugins/mcufinder
2025-10-06 20:52:00,326 [INFO] DbMcusAds:125 - Set database path to: /Users/luisrivera/.stmcufinder/plugins/mcufinder//mcu/
2025-10-06 20:52:00,326 [WARN] DbFile:41 - Overriding database path with different value: /Users/luisrivera/.stmcufinder/plugins/mcufinder/ => /Users/luisrivera/.stmcufinder/plugins/mcufinder
2025-10-06 20:52:00,326 [WARN] DbFile:41 - Overriding database path with different value: /Users/luisrivera/.stmcufinder/plugins/mcufinder/ => /Users/luisrivera/.stmcufinder/plugins/mcufinder
2025-10-06 20:52:00,326 [INFO] CrossReferenceDbSqlite:203 - Set database path to: /Users/luisrivera/.stmcufinder/plugins/mcufinder//mcu/cs/
2025-10-06 20:52:00,341 [INFO] ApplicationProperties:184 - Using Application install path: /Applications/STM32CubeIDE.app/Contents/Eclipse/plugins/com.st.stm32cube.common.mx_6.15.0.202507011659
2025-10-06 20:52:00,342 [INFO] PluginManage:196 - Search for loadable plugins [exclusion list=, ]
2025-10-06 20:52:00,344 [INFO] PluginManage:310 - Check plugin analytics
2025-10-06 20:52:00,528 [INFO] AnalyticsPlugin:253 - Accepted Software Licenses: STM32CubeMX.6.15.0
2025-10-06 20:52:00,529 [INFO] AnalyticsPlugin:255 - Accepted CMSIS Pack Licenses: 
2025-10-06 20:52:00,529 [INFO] AnalyticsPlugin:257 - Accepted Firmware Licenses: FW.F4.1.28.0
2025-10-06 20:52:00,533 [INFO] PluginManage:359 - Loaded plugin analytics (category:tool,tabindex:-1)
2025-10-06 20:52:00,534 [INFO] PluginManage:310 - Check plugin cadmodel
2025-10-06 20:52:00,542 [INFO] CADModel:105 - Init CAD model plugin
2025-10-06 20:52:00,542 [INFO] PluginManage:359 - Loaded plugin cadmodel (category:power,tabindex:5)
2025-10-06 20:52:00,542 [INFO] PluginManage:310 - Check plugin clock
2025-10-06 20:52:00,550 [INFO] PluginManage:359 - Loaded plugin clock (category:base,tabindex:2)
2025-10-06 20:52:00,550 [INFO] PluginManage:310 - Check plugin ddr
2025-10-06 20:52:00,552 [INFO] PluginManage:359 - Loaded plugin ddr (category:tool,tabindex:6)
2025-10-06 20:52:00,552 [INFO] PluginManage:310 - Check plugin filemanager
2025-10-06 20:52:00,963 [INFO] PluginManage:359 - Loaded plugin filemanager (category:base,tabindex:10)
2025-10-06 20:52:00,967 [INFO] PluginManage:310 - Check plugin ipmanager
2025-10-06 20:52:01,013 [INFO] PluginManage:359 - Loaded plugin ipmanager (category:base,tabindex:5)
2025-10-06 20:52:01,014 [INFO] PluginManage:310 - Check plugin lpbam
2025-10-06 20:52:01,039 [INFO] PluginManage:359 - Loaded plugin lpbam (category:base,tabindex:0)
2025-10-06 20:52:01,039 [INFO] PluginManage:310 - Check plugin memorymap
2025-10-06 20:52:01,057 [INFO] PluginManage:359 - Loaded plugin memorymap (category:base,tabindex:4)
2025-10-06 20:52:01,058 [INFO] PluginManage:310 - Check plugin pinoutandconfiguration
2025-10-06 20:52:01,067 [INFO] PluginManage:359 - Loaded plugin pinoutandconfiguration (category:base,tabindex:1)
2025-10-06 20:52:01,067 [INFO] PluginManage:310 - Check plugin pinoutconfig
2025-10-06 20:52:01,162 [WARN] SupportedApi:132 - Cannot load RTOS API schema: s4s-elt-must-match.1: The content of 'definitions' must match (annotation?, (simpleType | complexType)?, (unique | key | keyref)*)). A problem was found starting at: attribute.
2025-10-06 20:52:01,327 [INFO] PluginManage:359 - Loaded plugin pinoutconfig (category:base,tabindex:0)
2025-10-06 20:52:01,327 [INFO] PluginManage:310 - Check plugin power
2025-10-06 20:52:01,341 [INFO] PluginManage:359 - Loaded plugin power (category:power,tabindex:4)
2025-10-06 20:52:01,341 [INFO] PluginManage:310 - Check plugin projectmanager
2025-10-06 20:52:01,366 [INFO] PluginManage:359 - Loaded plugin projectmanager (category:projectmanager,tabindex:4)
2025-10-06 20:52:01,366 [INFO] PluginManage:310 - Check plugin rif
2025-10-06 20:52:01,372 [INFO] PluginManage:359 - Loaded plugin rif (category:base,tabindex:3)
2025-10-06 20:52:01,372 [INFO] PluginManage:310 - Check plugin thirdparty
2025-10-06 20:52:01,540 [INFO] PluginManage:359 - Loaded plugin thirdparty (category:base,tabindex:-1)
2025-10-06 20:52:01,542 [INFO] PluginManage:310 - Check plugin tools
2025-10-06 20:52:01,540 [WARN] IntegrityCheckThread:84 - waiting for thirdparty lock release [integrity check]
2025-10-06 20:52:01,546 [INFO] IntegrityCheckThread:86 - entering critical section [integrity check]
2025-10-06 20:52:01,546 [INFO] PluginManage:359 - Loaded plugin tools (category:base,tabindex:7)
2025-10-06 20:52:01,547 [INFO] PluginManage:310 - Check plugin tutovideos
2025-10-06 20:52:01,547 [INFO] ThirdPartyUpdaterWithRetryManager:70 - Updater plugin not ready yet. [1/15]
2025-10-06 20:52:01,692 [INFO] PluginManage:359 - Loaded plugin tutovideos (category:base,tabindex:-1)
2025-10-06 20:52:01,693 [INFO] PluginManage:310 - Check plugin updater
2025-10-06 20:52:01,715 [INFO] PluginManage:359 - Loaded plugin updater (category:base,tabindex:12)
2025-10-06 20:52:01,715 [INFO] PluginManage:310 - Check plugin userauth
2025-10-06 20:52:01,718 [INFO] UserAuth:118 - Init User Auth plugin
2025-10-06 20:52:01,719 [INFO] PluginManage:359 - Loaded plugin userauth (category:base,tabindex:14)
2025-10-06 20:52:01,720 [INFO] PluginManage:283 - PluginManage : Loaded plugins [18]
2025-10-06 20:52:01,909 [INFO] PinOutPanel:1589 - setPackage(No Configuration,No Configuration)
2025-10-06 20:52:01,968 [INFO] CADModel:165 - CPN selected for project level
2025-10-06 20:52:01,968 [INFO] CADModel:114 - Register for checkConnection events
2025-10-06 20:52:01,977 [INFO] IPUIPlugin:80 - create IPUIPlugin
2025-10-06 20:52:01,978 [INFO] PluginManager:220 - loadIPPluginJar : add mdma
2025-10-06 20:52:01,982 [INFO] IPUIPlugin:80 - create IPUIPlugin
2025-10-06 20:52:01,982 [INFO] PluginManager:220 - loadIPPluginJar : add freertos
2025-10-06 20:52:01,984 [INFO] IPUIPlugin:80 - create IPUIPlugin
2025-10-06 20:52:01,984 [INFO] PluginManager:220 - loadIPPluginJar : add gic
2025-10-06 20:52:01,990 [INFO] IPUIPlugin:80 - create IPUIPlugin
2025-10-06 20:52:01,990 [INFO] PluginManager:220 - loadIPPluginJar : add adc
2025-10-06 20:52:01,991 [INFO] IPUIPlugin:80 - create IPUIPlugin
2025-10-06 20:52:01,991 [INFO] PluginManager:220 - loadIPPluginJar : add gtzc
2025-10-06 20:52:01,992 [INFO] IPUIPlugin:80 - create IPUIPlugin
2025-10-06 20:52:01,992 [INFO] PluginManager:220 - loadIPPluginJar : add quadspi
2025-10-06 20:52:01,994 [INFO] IPUIPlugin:80 - create IPUIPlugin
2025-10-06 20:52:01,994 [INFO] PluginManager:220 - loadIPPluginJar : add aes
2025-10-06 20:52:01,995 [INFO] IPUIPlugin:80 - create IPUIPlugin
2025-10-06 20:52:01,995 [INFO] PluginManager:220 - loadIPPluginJar : add pdm2pcm
2025-10-06 20:52:01,996 [INFO] IPUIPlugin:80 - create IPUIPlugin
2025-10-06 20:52:01,996 [INFO] PluginManager:220 - loadIPPluginJar : add hash
2025-10-06 20:52:01,996 [INFO] IPUIPlugin:80 - create IPUIPlugin
2025-10-06 20:52:01,996 [INFO] PluginManager:220 - loadIPPluginJar : add tim
2025-10-06 20:52:01,997 [INFO] IPUIPlugin:80 - create IPUIPlugin
2025-10-06 20:52:01,997 [INFO] PluginManager:220 - loadIPPluginJar : add tsc
2025-10-06 20:52:01,999 [INFO] IPUIPlugin:80 - create IPUIPlugin
2025-10-06 20:52:01,999 [INFO] PluginManager:220 - loadIPPluginJar : add extmemmanager
2025-10-06 20:52:02,001 [INFO] IPUIPlugin:80 - create IPUIPlugin
2025-10-06 20:52:02,001 [INFO] PluginManager:220 - loadIPPluginJar : add ts
2025-10-06 20:52:02,003 [INFO] IPUIPlugin:80 - create IPUIPlugin
2025-10-06 20:52:02,003 [INFO] PluginManager:220 - loadIPPluginJar : add radio
2025-10-06 20:52:02,004 [INFO] IPUIPlugin:80 - create IPUIPlugin
2025-10-06 20:52:02,004 [INFO] PluginManager:220 - loadIPPluginJar : add can
2025-10-06 20:52:02,005 [INFO] IPUIPlugin:80 - create IPUIPlugin
2025-10-06 20:52:02,005 [INFO] PluginManager:220 - loadIPPluginJar : add dma3
2025-10-06 20:52:02,006 [INFO] IPUIPlugin:80 - create IPUIPlugin
2025-10-06 20:52:02,006 [INFO] PluginManager:220 - loadIPPluginJar : add dfsdm
2025-10-06 20:52:02,007 [INFO] IPUIPlugin:80 - create IPUIPlugin
2025-10-06 20:52:02,007 [INFO] PluginManager:220 - loadIPPluginJar : add spi
2025-10-06 20:52:02,008 [INFO] IPUIPlugin:80 - create IPUIPlugin
2025-10-06 20:52:02,008 [INFO] PluginManager:220 - loadIPPluginJar : add gfxmmu
2025-10-06 20:52:02,009 [INFO] IPUIPlugin:80 - create IPUIPlugin
2025-10-06 20:52:02,009 [INFO] PluginManager:220 - loadIPPluginJar : add genericplugin
2025-10-06 20:52:02,019 [INFO] IPUIPlugin:80 - create IPUIPlugin
2025-10-06 20:52:02,019 [INFO] PluginManager:220 - loadIPPluginJar : add cryp
2025-10-06 20:52:02,023 [INFO] IPUIPlugin:80 - create IPUIPlugin
2025-10-06 20:52:02,024 [INFO] PluginManager:220 - loadIPPluginJar : add gpio
2025-10-06 20:52:02,025 [INFO] IPUIPlugin:80 - create IPUIPlugin
2025-10-06 20:52:02,025 [INFO] PluginManager:220 - loadIPPluginJar : add ddr_ctrl_phy
2025-10-06 20:52:02,026 [INFO] IPUIPlugin:80 - create IPUIPlugin
2025-10-06 20:52:02,027 [INFO] PluginManager:220 - loadIPPluginJar : add comp
2025-10-06 20:52:02,028 [INFO] IPUIPlugin:80 - create IPUIPlugin
2025-10-06 20:52:02,028 [INFO] PluginManager:220 - loadIPPluginJar : add tracer_emb
2025-10-06 20:52:02,030 [INFO] IPUIPlugin:80 - create IPUIPlugin
2025-10-06 20:52:02,030 [INFO] PluginManager:220 - loadIPPluginJar : add openamp
2025-10-06 20:52:02,032 [INFO] IPUIPlugin:80 - create IPUIPlugin
2025-10-06 20:52:02,033 [INFO] PluginManager:220 - loadIPPluginJar : add stm32_wpan
2025-10-06 20:52:02,035 [INFO] IPUIPlugin:80 - create IPUIPlugin
2025-10-06 20:52:02,038 [INFO] PluginManager:220 - loadIPPluginJar : add plateformsettings
2025-10-06 20:52:02,040 [INFO] IPUIPlugin:80 - create IPUIPlugin
2025-10-06 20:52:02,040 [INFO] PluginManager:220 - loadIPPluginJar : add ipddr
2025-10-06 20:52:02,043 [INFO] IPUIPlugin:80 - create IPUIPlugin
2025-10-06 20:52:02,043 [INFO] PluginManager:220 - loadIPPluginJar : add usart
2025-10-06 20:52:02,044 [INFO] IPUIPlugin:80 - create IPUIPlugin
2025-10-06 20:52:02,044 [INFO] PluginManager:220 - loadIPPluginJar : add ltdc
2025-10-06 20:52:02,046 [INFO] IPUIPlugin:80 - create IPUIPlugin
2025-10-06 20:52:02,046 [INFO] PluginManager:220 - loadIPPluginJar : add nvic
2025-10-06 20:52:02,047 [INFO] IPUIPlugin:80 - create IPUIPlugin
2025-10-06 20:52:02,047 [INFO] PluginManager:220 - loadIPPluginJar : add fatfs
2025-10-06 20:52:02,051 [INFO] IPUIPlugin:80 - create IPUIPlugin
2025-10-06 20:52:02,051 [INFO] PluginManager:220 - loadIPPluginJar : add linkedlist
2025-10-06 20:52:02,053 [INFO] IPUIPlugin:80 - create IPUIPlugin
2025-10-06 20:52:02,054 [INFO] PluginManager:220 - loadIPPluginJar : add dma
2025-10-06 20:52:02,056 [INFO] IPUIPlugin:80 - create IPUIPlugin
2025-10-06 20:52:02,056 [INFO] PluginManager:220 - loadIPPluginJar : add fmc
2025-10-06 20:52:02,057 [INFO] IPUIPlugin:80 - create IPUIPlugin
2025-10-06 20:52:02,057 [INFO] PluginManager:220 - loadIPPluginJar : add i2s
2025-10-06 20:52:02,058 [INFO] IPUIPlugin:80 - create IPUIPlugin
2025-10-06 20:52:02,058 [INFO] PluginManager:220 - loadIPPluginJar : add ucpd
2025-10-06 20:52:02,059 [INFO] IPUIPlugin:80 - create IPUIPlugin
2025-10-06 20:52:02,059 [INFO] PluginManager:220 - loadIPPluginJar : add lorawan
2025-10-06 20:52:02,061 [INFO] IPUIPlugin:80 - create IPUIPlugin
2025-10-06 20:52:02,061 [INFO] PluginManager:220 - loadIPPluginJar : add opamp
2025-10-06 20:52:02,063 [INFO] IPUIPlugin:80 - create IPUIPlugin
2025-10-06 20:52:02,063 [INFO] PluginManager:220 - loadIPPluginJar : add i3c
2025-10-06 20:52:02,065 [INFO] IPUIPlugin:80 - create IPUIPlugin
2025-10-06 20:52:02,066 [INFO] PluginManager:220 - loadIPPluginJar : add touchsensing
2025-10-06 20:52:02,068 [INFO] IPUIPlugin:80 - create IPUIPlugin
2025-10-06 20:52:02,068 [INFO] PluginManager:220 - loadIPPluginJar : add i2c
2025-10-06 20:52:02,070 [INFO] IPUIPlugin:80 - create IPUIPlugin
2025-10-06 20:52:02,071 [INFO] PluginManager:220 - loadIPPluginJar : add resmgrutility
2025-10-06 20:52:02,072 [INFO] IPUIPlugin:80 - create IPUIPlugin
2025-10-06 20:52:02,072 [INFO] PluginManager:220 - loadIPPluginJar : add sai
2025-10-06 20:52:02,073 [INFO] IPUIPlugin:80 - create IPUIPlugin
2025-10-06 20:52:02,073 [INFO] PluginManager:220 - loadIPPluginJar : add usbx
2025-10-06 20:52:02,183 [FATAL] Updater:351 - Updater called before beeing initialized
2025-10-06 20:52:02,223 [INFO] RulesReader:64 - Compatibility file has been processed (317 Rules)
2025-10-06 20:52:02,236 [INFO] RulesReader:64 - Compatibility file has been processed (317 Rules)
2025-10-06 20:52:02,243 [INFO] CADModel:165 - CPN selected for project level
2025-10-06 20:52:02,243 [INFO] CADModel:114 - Register for checkConnection events
2025-10-06 20:52:02,244 [FATAL] Updater:351 - Updater called before beeing initialized
2025-10-06 20:52:02,244 [ERROR] CADModel:125 - Updater not yet initialized, retry later 
2025-10-06 20:52:02,440 [FATAL] Updater:351 - Updater called before beeing initialized
2025-10-06 20:52:02,441 [INFO] CADModel:165 - CPN selected for project level
2025-10-06 20:52:02,441 [INFO] CADModel:114 - Register for checkConnection events
2025-10-06 20:52:02,441 [FATAL] Updater:351 - Updater called before beeing initialized
2025-10-06 20:52:02,441 [ERROR] CADModel:125 - Updater not yet initialized, retry later 
2025-10-06 20:52:02,443 [FATAL] Updater:351 - Updater called before beeing initialized
2025-10-06 20:52:02,581 [FATAL] Updater:351 - Updater called before beeing initialized
2025-10-06 20:52:02,586 [INFO] DbMcusAds:53 - JSON generation date=Thu Oct 02 03:36:05 CST 2025 (1759397765645)
2025-10-06 20:52:02,586 [FATAL] Updater:351 - Updater called before beeing initialized
2025-10-06 20:52:02,652 [WARN] DetailPanel:346 - Failed to get advertising image, set to default
2025-10-06 20:52:02,707 [FATAL] Updater:351 - Updater called before beeing initialized
2025-10-06 20:52:02,709 [FATAL] Updater:351 - Updater called before beeing initialized
2025-10-06 20:52:02,709 [FATAL] Updater:351 - Updater called before beeing initialized
2025-10-06 20:52:02,710 [WARN] DetailPanel:346 - Failed to get advertising image, set to default
2025-10-06 20:52:02,714 [FATAL] Updater:351 - Updater called before beeing initialized
2025-10-06 20:52:02,763 [ERROR] Updater:1198 - MainUpdater not yet initialized. External WinMGr cannot be set.
2025-10-06 20:52:02,773 [INFO] Updater:1134 - Updater Version found : 6.15.0
2025-10-06 20:52:02,784 [INFO] ApplicationProperties:184 - Using Application install path: /Applications/STM32CubeIDE.app/Contents/Eclipse/plugins/com.st.stm32cube.common.mx_6.15.0.202507011659
2025-10-06 20:52:03,201 [INFO] MainUpdater:2872 - connection check result : 10
2025-10-06 20:52:03,201 [INFO] MainUpdater:3604 - Updater definition file requires update
2025-10-06 20:52:03,201 [INFO] MainUpdater:289 - Updater Check For Update Now.
2025-10-06 20:52:03,201 [INFO] MicroXplorer:498 - Change Database Version : DB.6.0.150
2025-10-06 20:52:03,208 [INFO] McuFinderGlobals:63 - Set McuFinder mode to 2 (CubeIDE integrated)
2025-10-06 20:52:03,208 [INFO] UserAuth:487 - Internet connection configuration mode: 1
2025-10-06 20:52:03,218 [INFO] JxBrowserEngine:152 - Initiate JxBrowser Engine with user profile folder
2025-10-06 20:52:03,522 [INFO] ServerAccessManage:452 - Complete download http(s) 200
2025-10-06 20:52:03,525 [INFO] ServerAccessManage:509 - Download File updaters.zip
2025-10-06 20:52:03,619 [INFO] FileExtend:248 - Unzip File : updaters.zip
2025-10-06 20:52:03,620 [INFO] FileExtend:263 - Standard Zip Deflate
2025-10-06 20:52:03,827 [INFO] ServerAccessManage:452 - Complete download http(s) 200
2025-10-06 20:52:03,828 [INFO] ServerAccessManage:509 - Download File PacksControlFlags.xml
2025-10-06 20:52:04,255 [INFO] ServerAccessManage:452 - Complete download http(s) 200
2025-10-06 20:52:04,270 [INFO] ServerAccessManage:509 - Download File cubemx.pidx
2025-10-06 20:52:04,497 [INFO] LoadServerUpdatesThread:375 - End of LoadServerUpdate Thread
2025-10-06 20:52:04,552 [WARN] MainUpdater:1193 - Updater busy. Cannot search thirdparties
2025-10-06 20:52:04,553 [INFO] ThirdPartyUpdaterWithRetryManager:96 - Updater plugin is busy. [1/15]
2025-10-06 20:52:04,656 [INFO] CheckServerUpdateThread:120 - End of CheckServer Thread
2025-10-06 20:52:07,811 [WARN] PackLoader:240 - Cannot read IP mode file for STMicroelectronics.FP-SNS-MOTENVWB1.1.4.0
2025-10-06 20:52:07,832 [WARN] PackLoader:240 - Cannot read IP mode file for STMicroelectronics.FP-ATR-ASTRA1.2.0.2
2025-10-06 20:52:07,851 [WARN] PackLoader:240 - Cannot read IP mode file for STMicroelectronics.FP-ATR-ASTRA1.2.0.1
2025-10-06 20:52:07,867 [WARN] PackLoader:240 - Cannot read IP mode file for STMicroelectronics.X-CUBE-SMBUS.2.1.0
2025-10-06 20:52:07,877 [WARN] PackLoader:240 - Cannot read IP mode file for STMicroelectronics.X-CUBE-WB05N.1.1.0
2025-10-06 20:52:07,884 [WARN] PackLoader:240 - Cannot read IP mode file for STMicroelectronics.X-CUBE-ST60.1.0.0
2025-10-06 20:52:07,934 [WARN] PackLoader:240 - Cannot read IP mode file for STMicroelectronics.X-CUBE-AZRTOS-F7.1.1.0
2025-10-06 20:52:07,963 [WARN] PackLoader:240 - Cannot read IP mode file for STMicroelectronics.FP-SNS-FLIGHT1.5.0.2
2025-10-06 20:52:08,028 [WARN] PackLoader:240 - Cannot read IP mode file for Infineon.AIROC-Wi-Fi-Bluetooth-STM32.1.7.0
2025-10-06 20:52:08,131 [WARN] PackLoader:240 - Cannot read IP mode file for STMicroelectronics.X-CUBE-AZRTOS-H7.3.4.0
2025-10-06 20:52:08,145 [INFO] WebApp:169 - Instantiating new browser for Auth
2025-10-06 20:52:08,151 [WARN] PackLoader:240 - Cannot read IP mode file for STMicroelectronics.X-CUBE-DISPLAY.3.0.0
2025-10-06 20:52:08,201 [WARN] PackLoader:240 - Cannot read IP mode file for STMicroelectronics.X-CUBE-BLE1.7.0.0
2025-10-06 20:52:08,223 [WARN] PackLoader:240 - Cannot read IP mode file for STMicroelectronics.X-CUBE-BLEMGR.4.0.0
2025-10-06 20:52:08,245 [WARN] PackLoader:240 - Cannot read IP mode file for emotas.I-CUBE-CANOPEN.1.3.0
2025-10-06 20:52:08,258 [WARN] PackLoader:240 - Cannot read IP mode file for STMicroelectronics.X-CUBE-AI.10.0.0
2025-10-06 20:52:08,271 [WARN] PackLoader:240 - Cannot read IP mode file for STMicroelectronics.FP-SNS-STBOX1.2.1.0
2025-10-06 20:52:08,282 [WARN] PackLoader:240 - Cannot read IP mode file for STMicroelectronics.FP-SNS-SMARTAG2.1.2.0
2025-10-06 20:52:08,288 [WARN] PackLoader:240 - Cannot read IP mode file for STMicroelectronics.FP-SNS-FLIGHT1.5.1.0
2025-10-06 20:52:08,365 [WARN] PackLoader:240 - Cannot read IP mode file for STMicroelectronics.X-CUBE-MEMS1.11.1.0
2025-10-06 20:52:08,458 [INFO] LogOutputStream:77 - [STDOUT_REDIRECT] 1 : Invalid condition id : UX_CORESTACK_Condition cause : null
2025-10-06 20:52:08,462 [INFO] LogOutputStream:77 - [STDOUT_REDIRECT] 1 : Invalid condition id : UX_CORESTACK_Condition cause : null
2025-10-06 20:52:08,463 [INFO] LogOutputStream:77 - [STDOUT_REDIRECT] 1 : Invalid condition id : UX_CORESTACK_Condition cause : null
2025-10-06 20:52:08,463 [INFO] LogOutputStream:77 - [STDOUT_REDIRECT] 1 : Invalid condition id : UX_CORESTACK_Condition cause : null
2025-10-06 20:52:08,463 [INFO] LogOutputStream:77 - [STDOUT_REDIRECT] 1 : Invalid condition id : UX_CORESTACK_Condition cause : null
2025-10-06 20:52:08,468 [WARN] PackLoader:240 - Cannot read IP mode file for STMicroelectronics.X-CUBE-AZRTOS-WL.2.0.0
2025-10-06 20:52:08,477 [WARN] PackLoader:240 - Cannot read IP mode file for STMicroelectronics.FP-SNS-MOTENV1.5.0.0
2025-10-06 20:52:08,480 [WARN] PackLoader:240 - Cannot read IP mode file for wolfSSL.I-CUBE-wolfMQTT.1.19.0
2025-10-06 20:52:08,486 [WARN] PackLoader:240 - Cannot read IP mode file for WES.I-CUBE-Cesium.1.3.0
2025-10-06 20:52:08,490 [WARN] PackLoader:240 - Cannot read IP mode file for STMicroelectronics.X-CUBE-BLE2.3.3.0
2025-10-06 20:52:08,496 [WARN] PackLoader:240 - Cannot read IP mode file for STMicroelectronics.X-CUBE-BLE1.7.1.0
2025-10-06 20:52:08,504 [WARN] PackLoader:240 - Cannot read IP mode file for STMicroelectronics.X-CUBE-EEPRMA1.5.2.0
2025-10-06 20:52:08,520 [WARN] PackLoader:240 - Cannot read IP mode file for STMicroelectronics.X-CUBE-AZRTOS-G0.1.1.0
2025-10-06 20:52:08,529 [WARN] PackLoader:240 - Cannot read IP mode file for STMicroelectronics.X-CUBE-SAFEA1.1.2.2
2025-10-06 20:52:08,536 [WARN] PackLoader:240 - Cannot read IP mode file for STMicroelectronics.X-CUBE-NFC4.3.0.0
2025-10-06 20:52:08,572 [WARN] PackLoader:240 - Cannot read IP mode file for EmbeddedOffice.I-CUBE-FS-RTOS.1.0.1
2025-10-06 20:52:08,589 [WARN] PackLoader:240 - Cannot read IP mode file for STMicroelectronics.X-CUBE-WB05N.2.0.0
2025-10-06 20:52:08,609 [WARN] PackLoader:240 - Cannot read IP mode file for RealThread.X-CUBE-RT-Thread_Nano.4.1.1
2025-10-06 20:52:08,620 [WARN] PackLoader:240 - Cannot read IP mode file for STMicroelectronics.FP-ATR-SIGFOX1.3.2.0
2025-10-06 20:52:08,629 [WARN] ConditionMgr:438 - getConditionDescription Invalid condition id : Cortex-A Device cause : null
2025-10-06 20:52:08,671 [WARN] ConditionMgr:1044 - genDependencies : Invalid condition id : Cortex-A Device cause : null
2025-10-06 20:52:08,671 [WARN] ConditionMgr:1044 - genDependencies : Invalid condition id : Cortex-A Device cause : null
2025-10-06 20:52:08,671 [WARN] ConditionMgr:1044 - genDependencies : Invalid condition id : Cortex-A Device cause : null
2025-10-06 20:52:08,678 [WARN] PackLoader:240 - Cannot read IP mode file for STMicroelectronics.X-CUBE-EEPRMA1.5.1.0
2025-10-06 20:52:08,694 [WARN] PackLoader:240 - Cannot read IP mode file for wolfSSL.I-CUBE-wolfSSL.5.7.4
2025-10-06 20:52:08,701 [WARN] PackLoader:240 - Cannot read IP mode file for ITTIA_DB.I-CUBE-ITTIADB.8.9.0
2025-10-06 20:52:08,708 [WARN] PackLoader:240 - Cannot read IP mode file for STMicroelectronics.X-CUBE-ST67W61.1.0.0
2025-10-06 20:52:08,713 [WARN] PackLoader:240 - Cannot read IP mode file for STMicroelectronics.X-CUBE-AI.10.2.0
2025-10-06 20:52:08,747 [WARN] PackLoader:240 - Cannot read IP mode file for SEGGER.I-CUBE-embOS.1.3.1
2025-10-06 20:52:08,773 [WARN] PackLoader:240 - Cannot read IP mode file for STMicroelectronics.X-CUBE-ALGOBUILD.1.4.0
2025-10-06 20:52:08,833 [WARN] PackLoader:240 - Cannot read IP mode file for STMicroelectronics.X-CUBE-MEMS1.11.3.0
2025-10-06 20:52:08,933 [WARN] PackLoader:240 - Cannot read IP mode file for STMicroelectronics.X-CUBE-AI.9.1.0
2025-10-06 20:52:08,937 [WARN] PackLoader:240 - Cannot read IP mode file for STMicroelectronics.X-CUBE-PM33A1.1.0.0
2025-10-06 20:52:08,955 [WARN] PackLoader:240 - Cannot read IP mode file for STMicroelectronics.X-CUBE-AZRTOS-F4.1.1.0
2025-10-06 20:52:08,961 [WARN] PackLoader:240 - Cannot read IP mode file for Avnet-IotConnect.X-CUBE-IoTC-DA16k-PMOD.1.0.0
2025-10-06 20:52:08,968 [WARN] PackLoader:240 - Cannot read IP mode file for STMicroelectronics.X-CUBE-NFC12.1.0.0
2025-10-06 20:52:08,986 [WARN] PackLoader:240 - Cannot read IP mode file for STMicroelectronics.X-CUBE-AZRTOS-L5.2.0.0
2025-10-06 20:52:08,998 [WARN] PackLoader:240 - Cannot read IP mode file for STMicroelectronics.X-CUBE-NFC6.3.1.0
2025-10-06 20:52:09,010 [WARN] PackLoader:240 - Cannot read IP mode file for STMicroelectronics.X-CUBE-DPower.1.2.0
2025-10-06 20:52:09,017 [WARN] PackLoader:240 - Cannot read IP mode file for STMicroelectronics.X-CUBE-FREERTOS.1.3.1
2025-10-06 20:52:09,023 [WARN] PackLoader:240 - Cannot read IP mode file for STMicroelectronics.X-CUBE-FREERTOS.1.3.0
2025-10-06 20:52:09,026 [WARN] PackLoader:240 - Cannot read IP mode file for STMicroelectronics.X-CUBE-NFC7.1.0.1
2025-10-06 20:52:09,030 [WARN] PackLoader:240 - Cannot read IP mode file for STMicroelectronics.X-CUBE-TOUCHGFX.4.26.0
2025-10-06 20:52:09,034 [WARN] PackLoader:240 - Cannot read IP mode file for STMicroelectronics.FP-SNS-STAIOTCFT.1.0.0
2025-10-06 20:52:09,038 [WARN] PackLoader:240 - Cannot read IP mode file for STMicroelectronics.X-CUBE-DPower.1.3.0
2025-10-06 20:52:09,057 [WARN] ConditionMgr:438 - getConditionDescription Invalid condition id : LAN8742 Phy interface Condition cause : null
2025-10-06 20:52:09,058 [WARN] PackLoader:240 - Cannot read IP mode file for STMicroelectronics.X-CUBE-AZRTOS-L4.2.0.0
2025-10-06 20:52:09,061 [WARN] ConditionMgr:1044 - genDependencies : Invalid condition id : LAN8742 Phy interface Condition cause : null
2025-10-06 20:52:09,061 [WARN] ConditionMgr:1044 - genDependencies : Invalid condition id : LAN8742 Phy interface Condition cause : null
2025-10-06 20:52:09,062 [WARN] ConditionMgr:1044 - genDependencies : Invalid condition id : LAN8742 Phy interface Condition cause : null
2025-10-06 20:52:09,071 [WARN] PackLoader:240 - Cannot read IP mode file for STMicroelectronics.X-CUBE-SFXS2LP1.4.0.0
2025-10-06 20:52:09,091 [WARN] PackLoader:240 - Cannot read IP mode file for STMicroelectronics.X-CUBE-AZRTOS-H7.3.3.0
2025-10-06 20:52:09,108 [WARN] PackLoader:240 - Cannot read IP mode file for STMicroelectronics.X-CUBE-BLEMGR.4.1.0
2025-10-06 20:52:09,122 [WARN] PackLoader:240 - Cannot read IP mode file for STMicroelectronics.X-CUBE-IPS.3.0.0
2025-10-06 20:52:09,136 [WARN] ConditionMgr:438 - getConditionDescription Invalid condition id : UX DEVICE CLASS RTOS Condition cause : null
2025-10-06 20:52:09,136 [WARN] ConditionMgr:438 - getConditionDescription Invalid condition id : UX DEVICE CLASS RTOS Condition cause : null
2025-10-06 20:52:09,140 [WARN] PackLoader:240 - Cannot read IP mode file for STMicroelectronics.X-CUBE-AZRTOS-WB.2.0.0
2025-10-06 20:52:09,140 [WARN] ConditionMgr:1044 - genDependencies : Invalid condition id : UX DEVICE CLASS RTOS Condition cause : null
2025-10-06 20:52:09,141 [WARN] ConditionMgr:1044 - genDependencies : Invalid condition id : UX DEVICE CLASS RTOS Condition cause : null
2025-10-06 20:52:09,141 [WARN] ConditionMgr:1044 - genDependencies : Invalid condition id : UX DEVICE CLASS RTOS Condition cause : null
2025-10-06 20:52:09,142 [WARN] ConditionMgr:1044 - genDependencies : Invalid condition id : UX DEVICE CLASS RTOS Condition cause : null
2025-10-06 20:52:09,142 [WARN] ConditionMgr:1044 - genDependencies : Invalid condition id : UX DEVICE CLASS RTOS Condition cause : null
2025-10-06 20:52:09,144 [WARN] PackLoader:240 - Cannot read IP mode file for STMicroelectronics.X-CUBE-TOUCHGFX.4.25.0
2025-10-06 20:52:09,148 [WARN] PackLoader:240 - Cannot read IP mode file for STMicroelectronics.FP-SNS-STBOX1.2.0.0
2025-10-06 20:52:09,158 [WARN] PackLoader:240 - Cannot read IP mode file for STMicroelectronics.X-CUBE-SUBG2.5.0.0
2025-10-06 20:52:09,181 [WARN] PackLoader:240 - Cannot read IP mode file for STMicroelectronics.X-CUBE-AZRTOS-H7RS.1.1.0
2025-10-06 20:52:09,186 [WARN] PackLoader:240 - Cannot read IP mode file for Cesanta.I-CUBE-Mongoose.7.13.0
2025-10-06 20:52:09,201 [WARN] PackLoader:240 - Cannot read IP mode file for STMicroelectronics.X-CUBE-AZRTOS-G4.2.0.0
2025-10-06 20:52:09,207 [WARN] PackLoader:240 - Cannot read IP mode file for STMicroelectronics.X-CUBE-NFC7.2.0.0
2025-10-06 20:52:09,216 [WARN] PackLoader:240 - Cannot read IP mode file for STMicroelectronics.X-CUBE-IPS.3.1.0
2025-10-06 20:52:09,223 [WARN] PackLoader:240 - Cannot read IP mode file for STMicroelectronics.X-CUBE-ALS.1.0.2
2025-10-06 20:52:09,226 [WARN] PackLoader:240 - Cannot read IP mode file for STMicroelectronics.X-CUBE-TOUCHGFX.4.24.2
2025-10-06 20:52:09,231 [WARN] PackLoader:240 - Cannot read IP mode file for STMicroelectronics.X-CUBE-STSE01.1.0.0
2025-10-06 20:52:09,233 [WARN] PackLoader:240 - Cannot read IP mode file for wolfSSL.I-CUBE-wolfTPM.3.4.0
2025-10-06 20:52:09,237 [WARN] PackLoader:240 - Cannot read IP mode file for portGmbH.I-Cube-SoM-uGOAL.1.1.0
2025-10-06 20:52:09,256 [WARN] PackLoader:240 - Cannot read IP mode file for STMicroelectronics.X-CUBE-AZRTOS-H7RS.1.0.0
2025-10-06 20:52:09,285 [WARN] PackLoader:240 - Cannot read IP mode file for STMicroelectronics.X-CUBE-TOF1.3.4.2
2025-10-06 20:52:09,311 [WARN] PackLoader:240 - Cannot read IP mode file for STMicroelectronics.X-CUBE-TOF1.3.4.3
2025-10-06 20:52:09,329 [WARN] PackLoader:240 - Cannot read IP mode file for wolfSSL.I-CUBE-wolfSSH.1.4.17
2025-10-06 20:52:09,334 [INFO] ThirdParty:978 - Integrity check success = true
2025-10-06 20:52:09,336 [INFO] IntegrityCheckThread:100 - exiting critical section [integrity check]
2025-10-06 20:52:09,339 [INFO] IntegrityCheckThread:103 - End integrity checks thread
2025-10-06 20:52:09,543 [INFO] WebApp:463 - Apply proxy settings
2025-10-06 20:52:09,550 [INFO] WebApp:508 - Chromium authenticates against Manually configured proxy
2025-10-06 20:52:09,558 [INFO] WebApp:516 - Username used for proxy authentication: 
2025-10-06 20:52:09,603 [INFO] WebApp:900 - Register for checkConnection events
2025-10-06 20:52:09,603 [INFO] WebApp:463 - Apply proxy settings
2025-10-06 20:52:09,608 [INFO] WebApp:508 - Chromium authenticates against Manually configured proxy
2025-10-06 20:52:09,609 [INFO] WebApp:516 - Username used for proxy authentication: 
2025-10-06 20:52:09,746 [INFO] WebApp:225 - Starting web application
2025-10-06 20:52:09,746 [INFO] WebApp:593 - Web application path used /Applications/STM32CubeIDE.app/Contents/Eclipse/plugins/com.st.stm32cube.common.mx_6.15.0.202507011659/db/plugins/mcufinder/reactClient1/index.html
2025-10-06 20:52:10,256 [INFO] WebApp:191 - Connection restablished
2025-10-06 20:52:10,398 [INFO] UserAuth:487 - Internet connection configuration mode: 1
2025-10-06 21:24:49,373 [ERROR] LogOutputStream:75 - [STDERR_REDIRECT] 
2025-10-06 21:46:59,257 [INFO] Activator:176 - 


2025-10-06 21:46:59,259 [INFO] Activator:177 - !SESSION log4j initialized
2025-10-06 21:47:00,117 [INFO] LogOutputStream:77 - [STDOUT_REDIRECT] 
2025-10-06 21:47:01,035 [ERROR] LogOutputStream:75 - [STDERR_REDIRECT] 
2025-10-06 21:47:02,875 [INFO] LogOutputStream:77 - [STDOUT_REDIRECT] 
2025-10-06 21:47:04,289 [INFO] ApplicationProperties:184 - Using Application install path: /Applications/STM32CubeIDE.app/Contents/Eclipse/plugins/com.st.stm32cube.common.mx_6.15.0.202507011659
2025-10-06 21:47:04,300 [INFO] DbMcusXml:78 - Set database path to: /Applications/STM32CubeIDE.app/Contents/Eclipse/plugins/com.st.stm32cube.common.mx_6.15.0.202507011659//db//mcu/
2025-10-06 21:47:04,301 [INFO] ApiDb:274 - Set plugin database path to: /Applications/STM32CubeIDE.app/Contents/Eclipse/plugins/com.st.stm32cube.common.mx_6.15.0.202507011659//db//plugins/boardmanager/
2025-10-06 21:47:04,301 [WARN] ApiDb:259 - Overriding images path with different value:  => /Applications/STM32CubeIDE.app/Contents/Eclipse/plugins/com.st.stm32cube.common.mx_6.15.0.202507011659//db//plugins/mcufinder/images/
2025-10-06 21:47:04,305 [INFO] ApiDb:250 - Set database path to: /Users/luisrivera/.stmcufinder/plugins/mcufinder//mcu/
2025-10-06 21:47:04,306 [INFO] DbMcusAds:125 - Set database path to: /Users/luisrivera/.stmcufinder/plugins/mcufinder//mcu/
2025-10-06 21:47:04,307 [INFO] CrossReferenceDbSqlite:203 - Set database path to: /Users/luisrivera/.stmcufinder/plugins/mcufinder//mcu/cs/
2025-10-06 21:47:04,424 [INFO] RulesReader:64 - Compatibility file has been processed (317 Rules)
2025-10-06 21:47:04,465 [INFO] DbMcusXml:78 - Set database path to: /Applications/STM32CubeIDE.app/Contents/Eclipse/plugins/com.st.stm32cube.common.mx_6.15.0.202507011659//db//mcu/
2025-10-06 21:47:04,465 [INFO] ApiDb:274 - Set plugin database path to: /Applications/STM32CubeIDE.app/Contents/Eclipse/plugins/com.st.stm32cube.common.mx_6.15.0.202507011659//db//plugins/boardmanager/
2025-10-06 21:47:04,465 [INFO] ApiDb:261 - Set plugin images path to: /Applications/STM32CubeIDE.app/Contents/Eclipse/plugins/com.st.stm32cube.common.mx_6.15.0.202507011659//db//plugins/mcufinder/images/
2025-10-06 21:47:04,466 [WARN] DbFile:41 - Overriding database path with different value: /Users/luisrivera/.stmcufinder/plugins/mcufinder/ => /Users/luisrivera/.stmcufinder/plugins/mcufinder
2025-10-06 21:47:04,466 [INFO] ApiDb:250 - Set database path to: /Users/luisrivera/.stmcufinder/plugins/mcufinder//mcu/
2025-10-06 21:47:04,466 [WARN] DbFile:41 - Overriding database path with different value: /Users/luisrivera/.stmcufinder/plugins/mcufinder/ => /Users/luisrivera/.stmcufinder/plugins/mcufinder
2025-10-06 21:47:04,466 [INFO] DbMcusAds:125 - Set database path to: /Users/luisrivera/.stmcufinder/plugins/mcufinder//mcu/
2025-10-06 21:47:04,466 [WARN] DbFile:41 - Overriding database path with different value: /Users/luisrivera/.stmcufinder/plugins/mcufinder/ => /Users/luisrivera/.stmcufinder/plugins/mcufinder
2025-10-06 21:47:04,466 [WARN] DbFile:41 - Overriding database path with different value: /Users/luisrivera/.stmcufinder/plugins/mcufinder/ => /Users/luisrivera/.stmcufinder/plugins/mcufinder
2025-10-06 21:47:04,466 [INFO] CrossReferenceDbSqlite:203 - Set database path to: /Users/luisrivera/.stmcufinder/plugins/mcufinder//mcu/cs/
2025-10-06 21:47:04,519 [INFO] MainPanel:274 - HeapMemory: 368050176
2025-10-06 21:47:04,701 [INFO] DbMcusXml:78 - Set database path to: /Applications/STM32CubeIDE.app/Contents/Eclipse/plugins/com.st.stm32cube.common.mx_6.15.0.202507011659//db//mcu/
2025-10-06 21:47:04,701 [INFO] ApiDb:274 - Set plugin database path to: /Applications/STM32CubeIDE.app/Contents/Eclipse/plugins/com.st.stm32cube.common.mx_6.15.0.202507011659//db//plugins/boardmanager/
2025-10-06 21:47:04,701 [INFO] ApiDb:261 - Set plugin images path to: /Applications/STM32CubeIDE.app/Contents/Eclipse/plugins/com.st.stm32cube.common.mx_6.15.0.202507011659//db//plugins/mcufinder/images/
2025-10-06 21:47:04,701 [WARN] DbFile:41 - Overriding database path with different value: /Users/luisrivera/.stmcufinder/plugins/mcufinder/ => /Users/luisrivera/.stmcufinder/plugins/mcufinder
2025-10-06 21:47:04,701 [INFO] ApiDb:250 - Set database path to: /Users/luisrivera/.stmcufinder/plugins/mcufinder//mcu/
2025-10-06 21:47:04,701 [WARN] DbFile:41 - Overriding database path with different value: /Users/luisrivera/.stmcufinder/plugins/mcufinder/ => /Users/luisrivera/.stmcufinder/plugins/mcufinder
2025-10-06 21:47:04,701 [INFO] DbMcusAds:125 - Set database path to: /Users/luisrivera/.stmcufinder/plugins/mcufinder//mcu/
2025-10-06 21:47:04,701 [WARN] DbFile:41 - Overriding database path with different value: /Users/luisrivera/.stmcufinder/plugins/mcufinder/ => /Users/luisrivera/.stmcufinder/plugins/mcufinder
2025-10-06 21:47:04,702 [WARN] DbFile:41 - Overriding database path with different value: /Users/luisrivera/.stmcufinder/plugins/mcufinder/ => /Users/luisrivera/.stmcufinder/plugins/mcufinder
2025-10-06 21:47:04,702 [INFO] CrossReferenceDbSqlite:203 - Set database path to: /Users/luisrivera/.stmcufinder/plugins/mcufinder//mcu/cs/
2025-10-06 21:47:04,714 [INFO] ApplicationProperties:184 - Using Application install path: /Applications/STM32CubeIDE.app/Contents/Eclipse/plugins/com.st.stm32cube.common.mx_6.15.0.202507011659
2025-10-06 21:47:04,715 [INFO] PluginManage:196 - Search for loadable plugins [exclusion list=, ]
2025-10-06 21:47:04,717 [INFO] PluginManage:310 - Check plugin analytics
2025-10-06 21:47:04,879 [INFO] AnalyticsPlugin:253 - Accepted Software Licenses: STM32CubeMX.6.15.0
2025-10-06 21:47:04,879 [INFO] AnalyticsPlugin:255 - Accepted CMSIS Pack Licenses: 
2025-10-06 21:47:04,879 [INFO] AnalyticsPlugin:257 - Accepted Firmware Licenses: FW.F4.1.28.0
2025-10-06 21:47:04,882 [INFO] PluginManage:359 - Loaded plugin analytics (category:tool,tabindex:-1)
2025-10-06 21:47:04,884 [INFO] PluginManage:310 - Check plugin cadmodel
2025-10-06 21:47:04,896 [INFO] CADModel:105 - Init CAD model plugin
2025-10-06 21:47:04,896 [INFO] PluginManage:359 - Loaded plugin cadmodel (category:power,tabindex:5)
2025-10-06 21:47:04,896 [INFO] PluginManage:310 - Check plugin clock
2025-10-06 21:47:04,905 [INFO] PluginManage:359 - Loaded plugin clock (category:base,tabindex:2)
2025-10-06 21:47:04,905 [INFO] PluginManage:310 - Check plugin ddr
2025-10-06 21:47:04,924 [INFO] PluginManage:359 - Loaded plugin ddr (category:tool,tabindex:6)
2025-10-06 21:47:04,925 [INFO] PluginManage:310 - Check plugin filemanager
2025-10-06 21:47:05,054 [INFO] PluginManage:359 - Loaded plugin filemanager (category:base,tabindex:10)
2025-10-06 21:47:05,054 [INFO] PluginManage:310 - Check plugin ipmanager
2025-10-06 21:47:05,059 [INFO] PluginManage:359 - Loaded plugin ipmanager (category:base,tabindex:5)
2025-10-06 21:47:05,059 [INFO] PluginManage:310 - Check plugin lpbam
2025-10-06 21:47:05,069 [INFO] PluginManage:359 - Loaded plugin lpbam (category:base,tabindex:0)
2025-10-06 21:47:05,069 [INFO] PluginManage:310 - Check plugin memorymap
2025-10-06 21:47:05,080 [INFO] PluginManage:359 - Loaded plugin memorymap (category:base,tabindex:4)
2025-10-06 21:47:05,081 [INFO] PluginManage:310 - Check plugin pinoutandconfiguration
2025-10-06 21:47:05,086 [INFO] PluginManage:359 - Loaded plugin pinoutandconfiguration (category:base,tabindex:1)
2025-10-06 21:47:05,086 [INFO] PluginManage:310 - Check plugin pinoutconfig
2025-10-06 21:47:05,153 [WARN] SupportedApi:132 - Cannot load RTOS API schema: s4s-elt-must-match.1: The content of 'definitions' must match (annotation?, (simpleType | complexType)?, (unique | key | keyref)*)). A problem was found starting at: attribute.
2025-10-06 21:47:05,517 [INFO] PluginManage:359 - Loaded plugin pinoutconfig (category:base,tabindex:0)
2025-10-06 21:47:05,520 [INFO] PluginManage:310 - Check plugin power
2025-10-06 21:47:05,559 [INFO] PluginManage:359 - Loaded plugin power (category:power,tabindex:4)
2025-10-06 21:47:05,560 [INFO] PluginManage:310 - Check plugin projectmanager
2025-10-06 21:47:05,606 [INFO] PluginManage:359 - Loaded plugin projectmanager (category:projectmanager,tabindex:4)
2025-10-06 21:47:05,606 [INFO] PluginManage:310 - Check plugin rif
2025-10-06 21:47:05,612 [INFO] PluginManage:359 - Loaded plugin rif (category:base,tabindex:3)
2025-10-06 21:47:05,613 [INFO] PluginManage:310 - Check plugin thirdparty
2025-10-06 21:47:05,830 [INFO] PluginManage:359 - Loaded plugin thirdparty (category:base,tabindex:-1)
2025-10-06 21:47:05,830 [INFO] PluginManage:310 - Check plugin tools
2025-10-06 21:47:05,833 [INFO] PluginManage:359 - Loaded plugin tools (category:base,tabindex:7)
2025-10-06 21:47:05,833 [INFO] PluginManage:310 - Check plugin tutovideos
2025-10-06 21:47:05,830 [WARN] IntegrityCheckThread:84 - waiting for thirdparty lock release [integrity check]
2025-10-06 21:47:05,834 [INFO] IntegrityCheckThread:86 - entering critical section [integrity check]
2025-10-06 21:47:05,835 [INFO] ThirdPartyUpdaterWithRetryManager:70 - Updater plugin not ready yet. [1/15]
2025-10-06 21:47:05,972 [INFO] PluginManage:359 - Loaded plugin tutovideos (category:base,tabindex:-1)
2025-10-06 21:47:05,972 [INFO] PluginManage:310 - Check plugin updater
2025-10-06 21:47:05,991 [INFO] PluginManage:359 - Loaded plugin updater (category:base,tabindex:12)
2025-10-06 21:47:05,992 [INFO] PluginManage:310 - Check plugin userauth
2025-10-06 21:47:05,995 [INFO] UserAuth:118 - Init User Auth plugin
2025-10-06 21:47:05,996 [INFO] PluginManage:359 - Loaded plugin userauth (category:base,tabindex:14)
2025-10-06 21:47:05,997 [INFO] PluginManage:283 - PluginManage : Loaded plugins [18]
2025-10-06 21:47:06,173 [INFO] PinOutPanel:1589 - setPackage(No Configuration,No Configuration)
2025-10-06 21:47:06,221 [INFO] CADModel:165 - CPN selected for project level
2025-10-06 21:47:06,221 [INFO] CADModel:114 - Register for checkConnection events
2025-10-06 21:47:06,229 [INFO] IPUIPlugin:80 - create IPUIPlugin
2025-10-06 21:47:06,230 [INFO] PluginManager:220 - loadIPPluginJar : add mdma
2025-10-06 21:47:06,234 [INFO] IPUIPlugin:80 - create IPUIPlugin
2025-10-06 21:47:06,234 [INFO] PluginManager:220 - loadIPPluginJar : add freertos
2025-10-06 21:47:06,237 [INFO] IPUIPlugin:80 - create IPUIPlugin
2025-10-06 21:47:06,237 [INFO] PluginManager:220 - loadIPPluginJar : add gic
2025-10-06 21:47:06,242 [INFO] IPUIPlugin:80 - create IPUIPlugin
2025-10-06 21:47:06,242 [INFO] PluginManager:220 - loadIPPluginJar : add adc
2025-10-06 21:47:06,244 [INFO] IPUIPlugin:80 - create IPUIPlugin
2025-10-06 21:47:06,244 [INFO] PluginManager:220 - loadIPPluginJar : add gtzc
2025-10-06 21:47:06,246 [INFO] IPUIPlugin:80 - create IPUIPlugin
2025-10-06 21:47:06,246 [INFO] PluginManager:220 - loadIPPluginJar : add quadspi
2025-10-06 21:47:06,246 [INFO] IPUIPlugin:80 - create IPUIPlugin
2025-10-06 21:47:06,247 [INFO] PluginManager:220 - loadIPPluginJar : add aes
2025-10-06 21:47:06,247 [INFO] IPUIPlugin:80 - create IPUIPlugin
2025-10-06 21:47:06,248 [INFO] PluginManager:220 - loadIPPluginJar : add pdm2pcm
2025-10-06 21:47:06,248 [INFO] IPUIPlugin:80 - create IPUIPlugin
2025-10-06 21:47:06,248 [INFO] PluginManager:220 - loadIPPluginJar : add hash
2025-10-06 21:47:06,249 [INFO] IPUIPlugin:80 - create IPUIPlugin
2025-10-06 21:47:06,249 [INFO] PluginManager:220 - loadIPPluginJar : add tim
2025-10-06 21:47:06,249 [INFO] IPUIPlugin:80 - create IPUIPlugin
2025-10-06 21:47:06,249 [INFO] PluginManager:220 - loadIPPluginJar : add tsc
2025-10-06 21:47:06,250 [INFO] IPUIPlugin:80 - create IPUIPlugin
2025-10-06 21:47:06,251 [INFO] PluginManager:220 - loadIPPluginJar : add extmemmanager
2025-10-06 21:47:06,251 [INFO] IPUIPlugin:80 - create IPUIPlugin
2025-10-06 21:47:06,251 [INFO] PluginManager:220 - loadIPPluginJar : add ts
2025-10-06 21:47:06,252 [INFO] IPUIPlugin:80 - create IPUIPlugin
2025-10-06 21:47:06,252 [INFO] PluginManager:220 - loadIPPluginJar : add radio
2025-10-06 21:47:06,253 [INFO] IPUIPlugin:80 - create IPUIPlugin
2025-10-06 21:47:06,253 [INFO] PluginManager:220 - loadIPPluginJar : add can
2025-10-06 21:47:06,254 [INFO] IPUIPlugin:80 - create IPUIPlugin
2025-10-06 21:47:06,254 [INFO] PluginManager:220 - loadIPPluginJar : add dma3
2025-10-06 21:47:06,255 [INFO] IPUIPlugin:80 - create IPUIPlugin
2025-10-06 21:47:06,255 [INFO] PluginManager:220 - loadIPPluginJar : add dfsdm
2025-10-06 21:47:06,256 [INFO] IPUIPlugin:80 - create IPUIPlugin
2025-10-06 21:47:06,256 [INFO] PluginManager:220 - loadIPPluginJar : add spi
2025-10-06 21:47:06,258 [INFO] IPUIPlugin:80 - create IPUIPlugin
2025-10-06 21:47:06,258 [INFO] PluginManager:220 - loadIPPluginJar : add gfxmmu
2025-10-06 21:47:06,259 [INFO] IPUIPlugin:80 - create IPUIPlugin
2025-10-06 21:47:06,259 [INFO] PluginManager:220 - loadIPPluginJar : add genericplugin
2025-10-06 21:47:06,260 [INFO] IPUIPlugin:80 - create IPUIPlugin
2025-10-06 21:47:06,260 [INFO] PluginManager:220 - loadIPPluginJar : add cryp
2025-10-06 21:47:06,261 [INFO] IPUIPlugin:80 - create IPUIPlugin
2025-10-06 21:47:06,262 [INFO] PluginManager:220 - loadIPPluginJar : add gpio
2025-10-06 21:47:06,263 [INFO] IPUIPlugin:80 - create IPUIPlugin
2025-10-06 21:47:06,263 [INFO] PluginManager:220 - loadIPPluginJar : add ddr_ctrl_phy
2025-10-06 21:47:06,264 [INFO] IPUIPlugin:80 - create IPUIPlugin
2025-10-06 21:47:06,265 [INFO] PluginManager:220 - loadIPPluginJar : add comp
2025-10-06 21:47:06,266 [INFO] IPUIPlugin:80 - create IPUIPlugin
2025-10-06 21:47:06,267 [INFO] PluginManager:220 - loadIPPluginJar : add tracer_emb
2025-10-06 21:47:06,267 [INFO] IPUIPlugin:80 - create IPUIPlugin
2025-10-06 21:47:06,267 [INFO] PluginManager:220 - loadIPPluginJar : add openamp
2025-10-06 21:47:06,269 [INFO] IPUIPlugin:80 - create IPUIPlugin
2025-10-06 21:47:06,269 [INFO] PluginManager:220 - loadIPPluginJar : add stm32_wpan
2025-10-06 21:47:06,272 [INFO] IPUIPlugin:80 - create IPUIPlugin
2025-10-06 21:47:06,274 [INFO] PluginManager:220 - loadIPPluginJar : add plateformsettings
2025-10-06 21:47:06,275 [INFO] IPUIPlugin:80 - create IPUIPlugin
2025-10-06 21:47:06,276 [INFO] PluginManager:220 - loadIPPluginJar : add ipddr
2025-10-06 21:47:06,276 [INFO] IPUIPlugin:80 - create IPUIPlugin
2025-10-06 21:47:06,276 [INFO] PluginManager:220 - loadIPPluginJar : add usart
2025-10-06 21:47:06,277 [INFO] IPUIPlugin:80 - create IPUIPlugin
2025-10-06 21:47:06,277 [INFO] PluginManager:220 - loadIPPluginJar : add ltdc
2025-10-06 21:47:06,278 [INFO] IPUIPlugin:80 - create IPUIPlugin
2025-10-06 21:47:06,278 [INFO] PluginManager:220 - loadIPPluginJar : add nvic
2025-10-06 21:47:06,279 [INFO] IPUIPlugin:80 - create IPUIPlugin
2025-10-06 21:47:06,279 [INFO] PluginManager:220 - loadIPPluginJar : add fatfs
2025-10-06 21:47:06,283 [INFO] IPUIPlugin:80 - create IPUIPlugin
2025-10-06 21:47:06,283 [INFO] PluginManager:220 - loadIPPluginJar : add linkedlist
2025-10-06 21:47:06,286 [INFO] IPUIPlugin:80 - create IPUIPlugin
2025-10-06 21:47:06,287 [INFO] PluginManager:220 - loadIPPluginJar : add dma
2025-10-06 21:47:06,288 [INFO] IPUIPlugin:80 - create IPUIPlugin
2025-10-06 21:47:06,288 [INFO] PluginManager:220 - loadIPPluginJar : add fmc
2025-10-06 21:47:06,289 [INFO] IPUIPlugin:80 - create IPUIPlugin
2025-10-06 21:47:06,289 [INFO] PluginManager:220 - loadIPPluginJar : add i2s
2025-10-06 21:47:06,290 [INFO] IPUIPlugin:80 - create IPUIPlugin
2025-10-06 21:47:06,290 [INFO] PluginManager:220 - loadIPPluginJar : add ucpd
2025-10-06 21:47:06,291 [INFO] IPUIPlugin:80 - create IPUIPlugin
2025-10-06 21:47:06,291 [INFO] PluginManager:220 - loadIPPluginJar : add lorawan
2025-10-06 21:47:06,292 [INFO] IPUIPlugin:80 - create IPUIPlugin
2025-10-06 21:47:06,292 [INFO] PluginManager:220 - loadIPPluginJar : add opamp
2025-10-06 21:47:06,293 [INFO] IPUIPlugin:80 - create IPUIPlugin
2025-10-06 21:47:06,293 [INFO] PluginManager:220 - loadIPPluginJar : add i3c
2025-10-06 21:47:06,305 [INFO] IPUIPlugin:80 - create IPUIPlugin
2025-10-06 21:47:06,306 [INFO] PluginManager:220 - loadIPPluginJar : add touchsensing
2025-10-06 21:47:06,309 [INFO] IPUIPlugin:80 - create IPUIPlugin
2025-10-06 21:47:06,309 [INFO] PluginManager:220 - loadIPPluginJar : add i2c
2025-10-06 21:47:06,311 [INFO] IPUIPlugin:80 - create IPUIPlugin
2025-10-06 21:47:06,311 [INFO] PluginManager:220 - loadIPPluginJar : add resmgrutility
2025-10-06 21:47:06,312 [INFO] IPUIPlugin:80 - create IPUIPlugin
2025-10-06 21:47:06,312 [INFO] PluginManager:220 - loadIPPluginJar : add sai
2025-10-06 21:47:06,314 [INFO] IPUIPlugin:80 - create IPUIPlugin
2025-10-06 21:47:06,314 [INFO] PluginManager:220 - loadIPPluginJar : add usbx
2025-10-06 21:47:06,429 [FATAL] Updater:351 - Updater called before beeing initialized
2025-10-06 21:47:06,473 [INFO] RulesReader:64 - Compatibility file has been processed (317 Rules)
2025-10-06 21:47:06,489 [INFO] RulesReader:64 - Compatibility file has been processed (317 Rules)
2025-10-06 21:47:06,496 [INFO] CADModel:165 - CPN selected for project level
2025-10-06 21:47:06,496 [INFO] CADModel:114 - Register for checkConnection events
2025-10-06 21:47:06,496 [FATAL] Updater:351 - Updater called before beeing initialized
2025-10-06 21:47:06,496 [ERROR] CADModel:125 - Updater not yet initialized, retry later 
2025-10-06 21:47:06,680 [FATAL] Updater:351 - Updater called before beeing initialized
2025-10-06 21:47:06,681 [INFO] CADModel:165 - CPN selected for project level
2025-10-06 21:47:06,681 [INFO] CADModel:114 - Register for checkConnection events
2025-10-06 21:47:06,681 [FATAL] Updater:351 - Updater called before beeing initialized
2025-10-06 21:47:06,681 [ERROR] CADModel:125 - Updater not yet initialized, retry later 
2025-10-06 21:47:06,683 [FATAL] Updater:351 - Updater called before beeing initialized
2025-10-06 21:47:06,801 [FATAL] Updater:351 - Updater called before beeing initialized
2025-10-06 21:47:06,806 [INFO] DbMcusAds:53 - JSON generation date=Thu Oct 02 03:36:05 CST 2025 (1759397765645)
2025-10-06 21:47:06,806 [FATAL] Updater:351 - Updater called before beeing initialized
2025-10-06 21:47:06,846 [WARN] DetailPanel:346 - Failed to get advertising image, set to default
2025-10-06 21:47:06,900 [FATAL] Updater:351 - Updater called before beeing initialized
2025-10-06 21:47:06,903 [FATAL] Updater:351 - Updater called before beeing initialized
2025-10-06 21:47:06,903 [FATAL] Updater:351 - Updater called before beeing initialized
2025-10-06 21:47:06,903 [WARN] DetailPanel:346 - Failed to get advertising image, set to default
2025-10-06 21:47:06,905 [FATAL] Updater:351 - Updater called before beeing initialized
2025-10-06 21:47:06,953 [ERROR] Updater:1198 - MainUpdater not yet initialized. External WinMGr cannot be set.
2025-10-06 21:47:06,960 [INFO] Updater:1134 - Updater Version found : 6.15.0
2025-10-06 21:47:06,970 [INFO] ApplicationProperties:184 - Using Application install path: /Applications/STM32CubeIDE.app/Contents/Eclipse/plugins/com.st.stm32cube.common.mx_6.15.0.202507011659
2025-10-06 21:47:07,399 [INFO] MainUpdater:2872 - connection check result : 10
2025-10-06 21:47:07,400 [INFO] MainUpdater:289 - Updater Check For Update Now.
2025-10-06 21:47:07,400 [INFO] MicroXplorer:498 - Change Database Version : DB.6.0.150
2025-10-06 21:47:07,406 [INFO] McuFinderGlobals:63 - Set McuFinder mode to 2 (CubeIDE integrated)
2025-10-06 21:47:07,409 [INFO] UserAuth:487 - Internet connection configuration mode: 1
2025-10-06 21:47:07,422 [INFO] JxBrowserEngine:152 - Initiate JxBrowser Engine with user profile folder
2025-10-06 21:47:07,660 [INFO] CheckServerUpdateThread:120 - End of CheckServer Thread
2025-10-06 21:47:08,975 [WARN] PackLoader:240 - Cannot read IP mode file for STMicroelectronics.FP-SNS-MOTENVWB1.1.4.0
2025-10-06 21:47:08,993 [WARN] PackLoader:240 - Cannot read IP mode file for STMicroelectronics.FP-ATR-ASTRA1.2.0.2
2025-10-06 21:47:09,002 [WARN] PackLoader:240 - Cannot read IP mode file for STMicroelectronics.FP-ATR-ASTRA1.2.0.1
2025-10-06 21:47:09,010 [WARN] PackLoader:240 - Cannot read IP mode file for STMicroelectronics.X-CUBE-SMBUS.2.1.0
2025-10-06 21:47:09,017 [WARN] PackLoader:240 - Cannot read IP mode file for STMicroelectronics.X-CUBE-WB05N.1.1.0
2025-10-06 21:47:09,024 [WARN] PackLoader:240 - Cannot read IP mode file for STMicroelectronics.X-CUBE-ST60.1.0.0
2025-10-06 21:47:09,059 [WARN] PackLoader:240 - Cannot read IP mode file for STMicroelectronics.X-CUBE-AZRTOS-F7.1.1.0
2025-10-06 21:47:09,074 [WARN] PackLoader:240 - Cannot read IP mode file for STMicroelectronics.FP-SNS-FLIGHT1.5.0.2
2025-10-06 21:47:09,109 [WARN] PackLoader:240 - Cannot read IP mode file for Infineon.AIROC-Wi-Fi-Bluetooth-STM32.1.7.0
2025-10-06 21:47:09,148 [WARN] PackLoader:240 - Cannot read IP mode file for STMicroelectronics.X-CUBE-AZRTOS-H7.3.4.0
2025-10-06 21:47:09,173 [WARN] PackLoader:240 - Cannot read IP mode file for STMicroelectronics.X-CUBE-DISPLAY.3.0.0
2025-10-06 21:47:09,195 [WARN] PackLoader:240 - Cannot read IP mode file for STMicroelectronics.X-CUBE-BLE1.7.0.0
2025-10-06 21:47:09,213 [WARN] PackLoader:240 - Cannot read IP mode file for STMicroelectronics.X-CUBE-BLEMGR.4.0.0
2025-10-06 21:47:09,232 [WARN] PackLoader:240 - Cannot read IP mode file for emotas.I-CUBE-CANOPEN.1.3.0
2025-10-06 21:47:09,240 [WARN] PackLoader:240 - Cannot read IP mode file for STMicroelectronics.X-CUBE-AI.10.0.0
2025-10-06 21:47:09,249 [WARN] PackLoader:240 - Cannot read IP mode file for STMicroelectronics.FP-SNS-STBOX1.2.1.0
2025-10-06 21:47:09,255 [WARN] PackLoader:240 - Cannot read IP mode file for STMicroelectronics.FP-SNS-SMARTAG2.1.2.0
2025-10-06 21:47:09,262 [WARN] PackLoader:240 - Cannot read IP mode file for STMicroelectronics.FP-SNS-FLIGHT1.5.1.0
2025-10-06 21:47:09,359 [WARN] PackLoader:240 - Cannot read IP mode file for STMicroelectronics.X-CUBE-MEMS1.11.1.0
2025-10-06 21:47:09,475 [INFO] LogOutputStream:77 - [STDOUT_REDIRECT] 1 : Invalid condition id : UX_CORESTACK_Condition cause : null
2025-10-06 21:47:09,476 [INFO] LogOutputStream:77 - [STDOUT_REDIRECT] 1 : Invalid condition id : UX_CORESTACK_Condition cause : null
2025-10-06 21:47:09,476 [INFO] LogOutputStream:77 - [STDOUT_REDIRECT] 1 : Invalid condition id : UX_CORESTACK_Condition cause : null
2025-10-06 21:47:09,477 [INFO] LogOutputStream:77 - [STDOUT_REDIRECT] 1 : Invalid condition id : UX_CORESTACK_Condition cause : null
2025-10-06 21:47:09,478 [INFO] LogOutputStream:77 - [STDOUT_REDIRECT] 1 : Invalid condition id : UX_CORESTACK_Condition cause : null
2025-10-06 21:47:09,482 [WARN] PackLoader:240 - Cannot read IP mode file for STMicroelectronics.X-CUBE-AZRTOS-WL.2.0.0
2025-10-06 21:47:09,489 [WARN] PackLoader:240 - Cannot read IP mode file for STMicroelectronics.FP-SNS-MOTENV1.5.0.0
2025-10-06 21:47:09,492 [WARN] PackLoader:240 - Cannot read IP mode file for wolfSSL.I-CUBE-wolfMQTT.1.19.0
2025-10-06 21:47:09,499 [WARN] PackLoader:240 - Cannot read IP mode file for WES.I-CUBE-Cesium.1.3.0
2025-10-06 21:47:09,505 [WARN] PackLoader:240 - Cannot read IP mode file for STMicroelectronics.X-CUBE-BLE2.3.3.0
2025-10-06 21:47:09,513 [WARN] PackLoader:240 - Cannot read IP mode file for STMicroelectronics.X-CUBE-BLE1.7.1.0
2025-10-06 21:47:09,522 [WARN] PackLoader:240 - Cannot read IP mode file for STMicroelectronics.X-CUBE-EEPRMA1.5.2.0
2025-10-06 21:47:09,539 [WARN] PackLoader:240 - Cannot read IP mode file for STMicroelectronics.X-CUBE-AZRTOS-G0.1.1.0
2025-10-06 21:47:09,547 [WARN] PackLoader:240 - Cannot read IP mode file for STMicroelectronics.X-CUBE-SAFEA1.1.2.2
2025-10-06 21:47:09,555 [WARN] PackLoader:240 - Cannot read IP mode file for STMicroelectronics.X-CUBE-NFC4.3.0.0
2025-10-06 21:47:09,564 [WARN] PackLoader:240 - Cannot read IP mode file for EmbeddedOffice.I-CUBE-FS-RTOS.1.0.1
2025-10-06 21:47:09,574 [WARN] PackLoader:240 - Cannot read IP mode file for STMicroelectronics.X-CUBE-WB05N.2.0.0
2025-10-06 21:47:09,581 [WARN] PackLoader:240 - Cannot read IP mode file for RealThread.X-CUBE-RT-Thread_Nano.4.1.1
2025-10-06 21:47:09,586 [WARN] PackLoader:240 - Cannot read IP mode file for STMicroelectronics.FP-ATR-SIGFOX1.3.2.0
2025-10-06 21:47:09,591 [WARN] ConditionMgr:438 - getConditionDescription Invalid condition id : Cortex-A Device cause : null
2025-10-06 21:47:09,605 [WARN] ConditionMgr:1044 - genDependencies : Invalid condition id : Cortex-A Device cause : null
2025-10-06 21:47:09,606 [WARN] ConditionMgr:1044 - genDependencies : Invalid condition id : Cortex-A Device cause : null
2025-10-06 21:47:09,606 [WARN] ConditionMgr:1044 - genDependencies : Invalid condition id : Cortex-A Device cause : null
2025-10-06 21:47:09,611 [WARN] PackLoader:240 - Cannot read IP mode file for STMicroelectronics.X-CUBE-EEPRMA1.5.1.0
2025-10-06 21:47:09,618 [WARN] PackLoader:240 - Cannot read IP mode file for wolfSSL.I-CUBE-wolfSSL.5.7.4
2025-10-06 21:47:09,626 [WARN] PackLoader:240 - Cannot read IP mode file for ITTIA_DB.I-CUBE-ITTIADB.8.9.0
2025-10-06 21:47:09,739 [WARN] PackLoader:240 - Cannot read IP mode file for STMicroelectronics.X-CUBE-ST67W61.1.0.0
2025-10-06 21:47:09,874 [WARN] PackLoader:240 - Cannot read IP mode file for STMicroelectronics.X-CUBE-AI.10.2.0
2025-10-06 21:47:09,943 [WARN] PackLoader:240 - Cannot read IP mode file for SEGGER.I-CUBE-embOS.1.3.1
2025-10-06 21:47:09,986 [WARN] PackLoader:240 - Cannot read IP mode file for STMicroelectronics.X-CUBE-ALGOBUILD.1.4.0
2025-10-06 21:47:10,050 [WARN] PackLoader:240 - Cannot read IP mode file for STMicroelectronics.X-CUBE-MEMS1.11.3.0
2025-10-06 21:47:10,130 [WARN] PackLoader:240 - Cannot read IP mode file for STMicroelectronics.X-CUBE-AI.9.1.0
2025-10-06 21:47:10,134 [WARN] PackLoader:240 - Cannot read IP mode file for STMicroelectronics.X-CUBE-PM33A1.1.0.0
2025-10-06 21:47:10,152 [WARN] PackLoader:240 - Cannot read IP mode file for STMicroelectronics.X-CUBE-AZRTOS-F4.1.1.0
2025-10-06 21:47:10,164 [WARN] PackLoader:240 - Cannot read IP mode file for Avnet-IotConnect.X-CUBE-IoTC-DA16k-PMOD.1.0.0
2025-10-06 21:47:10,171 [WARN] PackLoader:240 - Cannot read IP mode file for STMicroelectronics.X-CUBE-NFC12.1.0.0
2025-10-06 21:47:10,191 [WARN] PackLoader:240 - Cannot read IP mode file for STMicroelectronics.X-CUBE-AZRTOS-L5.2.0.0
2025-10-06 21:47:10,239 [WARN] PackLoader:240 - Cannot read IP mode file for STMicroelectronics.X-CUBE-NFC6.3.1.0
2025-10-06 21:47:10,251 [WARN] PackLoader:240 - Cannot read IP mode file for STMicroelectronics.X-CUBE-DPower.1.2.0
2025-10-06 21:47:10,258 [WARN] PackLoader:240 - Cannot read IP mode file for STMicroelectronics.X-CUBE-FREERTOS.1.3.1
2025-10-06 21:47:10,261 [WARN] PackLoader:240 - Cannot read IP mode file for STMicroelectronics.X-CUBE-FREERTOS.1.3.0
2025-10-06 21:47:10,265 [WARN] PackLoader:240 - Cannot read IP mode file for STMicroelectronics.X-CUBE-NFC7.1.0.1
2025-10-06 21:47:10,270 [WARN] PackLoader:240 - Cannot read IP mode file for STMicroelectronics.X-CUBE-TOUCHGFX.4.26.0
2025-10-06 21:47:10,276 [WARN] PackLoader:240 - Cannot read IP mode file for STMicroelectronics.FP-SNS-STAIOTCFT.1.0.0
2025-10-06 21:47:10,279 [WARN] PackLoader:240 - Cannot read IP mode file for STMicroelectronics.X-CUBE-DPower.1.3.0
2025-10-06 21:47:10,294 [WARN] ConditionMgr:438 - getConditionDescription Invalid condition id : LAN8742 Phy interface Condition cause : null
2025-10-06 21:47:10,295 [WARN] PackLoader:240 - Cannot read IP mode file for STMicroelectronics.X-CUBE-AZRTOS-L4.2.0.0
2025-10-06 21:47:10,298 [WARN] ConditionMgr:1044 - genDependencies : Invalid condition id : LAN8742 Phy interface Condition cause : null
2025-10-06 21:47:10,299 [WARN] ConditionMgr:1044 - genDependencies : Invalid condition id : LAN8742 Phy interface Condition cause : null
2025-10-06 21:47:10,300 [WARN] ConditionMgr:1044 - genDependencies : Invalid condition id : LAN8742 Phy interface Condition cause : null
2025-10-06 21:47:10,319 [WARN] PackLoader:240 - Cannot read IP mode file for STMicroelectronics.X-CUBE-SFXS2LP1.4.0.0
2025-10-06 21:47:10,345 [WARN] PackLoader:240 - Cannot read IP mode file for STMicroelectronics.X-CUBE-AZRTOS-H7.3.3.0
2025-10-06 21:47:10,363 [WARN] PackLoader:240 - Cannot read IP mode file for STMicroelectronics.X-CUBE-BLEMGR.4.1.0
2025-10-06 21:47:10,375 [WARN] PackLoader:240 - Cannot read IP mode file for STMicroelectronics.X-CUBE-IPS.3.0.0
2025-10-06 21:47:10,387 [WARN] ConditionMgr:438 - getConditionDescription Invalid condition id : UX DEVICE CLASS RTOS Condition cause : null
2025-10-06 21:47:10,388 [WARN] ConditionMgr:438 - getConditionDescription Invalid condition id : UX DEVICE CLASS RTOS Condition cause : null
2025-10-06 21:47:10,392 [WARN] PackLoader:240 - Cannot read IP mode file for STMicroelectronics.X-CUBE-AZRTOS-WB.2.0.0
2025-10-06 21:47:10,393 [WARN] ConditionMgr:1044 - genDependencies : Invalid condition id : UX DEVICE CLASS RTOS Condition cause : null
2025-10-06 21:47:10,393 [WARN] ConditionMgr:1044 - genDependencies : Invalid condition id : UX DEVICE CLASS RTOS Condition cause : null
2025-10-06 21:47:10,393 [WARN] ConditionMgr:1044 - genDependencies : Invalid condition id : UX DEVICE CLASS RTOS Condition cause : null
2025-10-06 21:47:10,394 [WARN] ConditionMgr:1044 - genDependencies : Invalid condition id : UX DEVICE CLASS RTOS Condition cause : null
2025-10-06 21:47:10,394 [WARN] ConditionMgr:1044 - genDependencies : Invalid condition id : UX DEVICE CLASS RTOS Condition cause : null
2025-10-06 21:47:10,397 [WARN] PackLoader:240 - Cannot read IP mode file for STMicroelectronics.X-CUBE-TOUCHGFX.4.25.0
2025-10-06 21:47:10,402 [WARN] PackLoader:240 - Cannot read IP mode file for STMicroelectronics.FP-SNS-STBOX1.2.0.0
2025-10-06 21:47:10,413 [WARN] PackLoader:240 - Cannot read IP mode file for STMicroelectronics.X-CUBE-SUBG2.5.0.0
2025-10-06 21:47:10,435 [WARN] PackLoader:240 - Cannot read IP mode file for STMicroelectronics.X-CUBE-AZRTOS-H7RS.1.1.0
2025-10-06 21:47:10,441 [WARN] PackLoader:240 - Cannot read IP mode file for Cesanta.I-CUBE-Mongoose.7.13.0
2025-10-06 21:47:10,453 [WARN] PackLoader:240 - Cannot read IP mode file for STMicroelectronics.X-CUBE-AZRTOS-G4.2.0.0
2025-10-06 21:47:10,460 [WARN] PackLoader:240 - Cannot read IP mode file for STMicroelectronics.X-CUBE-NFC7.2.0.0
2025-10-06 21:47:10,469 [WARN] PackLoader:240 - Cannot read IP mode file for STMicroelectronics.X-CUBE-IPS.3.1.0
2025-10-06 21:47:10,477 [WARN] PackLoader:240 - Cannot read IP mode file for STMicroelectronics.X-CUBE-ALS.1.0.2
2025-10-06 21:47:10,484 [WARN] PackLoader:240 - Cannot read IP mode file for STMicroelectronics.X-CUBE-TOUCHGFX.4.24.2
2025-10-06 21:47:10,490 [WARN] PackLoader:240 - Cannot read IP mode file for STMicroelectronics.X-CUBE-STSE01.1.0.0
2025-10-06 21:47:10,493 [WARN] PackLoader:240 - Cannot read IP mode file for wolfSSL.I-CUBE-wolfTPM.3.4.0
2025-10-06 21:47:10,498 [WARN] PackLoader:240 - Cannot read IP mode file for portGmbH.I-Cube-SoM-uGOAL.1.1.0
2025-10-06 21:47:10,516 [WARN] PackLoader:240 - Cannot read IP mode file for STMicroelectronics.X-CUBE-AZRTOS-H7RS.1.0.0
2025-10-06 21:47:10,536 [WARN] PackLoader:240 - Cannot read IP mode file for STMicroelectronics.X-CUBE-TOF1.3.4.2
2025-10-06 21:47:10,563 [WARN] PackLoader:240 - Cannot read IP mode file for STMicroelectronics.X-CUBE-TOF1.3.4.3
2025-10-06 21:47:10,576 [WARN] PackLoader:240 - Cannot read IP mode file for wolfSSL.I-CUBE-wolfSSH.1.4.17
2025-10-06 21:47:10,592 [INFO] ThirdParty:978 - Integrity check success = true
2025-10-06 21:47:10,592 [INFO] IntegrityCheckThread:100 - exiting critical section [integrity check]
2025-10-06 21:47:10,592 [INFO] IntegrityCheckThread:103 - End integrity checks thread
2025-10-06 21:47:11,328 [INFO] WebApp:169 - Instantiating new browser for Auth
2025-10-06 21:47:12,377 [INFO] WebApp:463 - Apply proxy settings
2025-10-06 21:47:12,391 [INFO] WebApp:508 - Chromium authenticates against Manually configured proxy
2025-10-06 21:47:12,401 [INFO] WebApp:516 - Username used for proxy authentication: 
2025-10-06 21:47:12,435 [INFO] WebApp:900 - Register for checkConnection events
2025-10-06 21:47:12,435 [INFO] WebApp:463 - Apply proxy settings
2025-10-06 21:47:12,438 [INFO] WebApp:508 - Chromium authenticates against Manually configured proxy
2025-10-06 21:47:12,438 [INFO] WebApp:516 - Username used for proxy authentication: 
2025-10-06 21:47:12,568 [INFO] WebApp:225 - Starting web application
2025-10-06 21:47:12,568 [INFO] WebApp:593 - Web application path used /Applications/STM32CubeIDE.app/Contents/Eclipse/plugins/com.st.stm32cube.common.mx_6.15.0.202507011659/db/plugins/mcufinder/reactClient1/index.html
2025-10-06 21:47:13,005 [INFO] WebApp:191 - Connection restablished
2025-10-06 21:47:13,108 [INFO] UserAuth:487 - Internet connection configuration mode: 1
2025-10-06 21:49:08,287 [ERROR] LogOutputStream:75 - [STDERR_REDIRECT] 
